<?xml version="1.0" encoding="UTF-8"?>
<testng-results skipped="0" failed="1" ignored="0" total="1" passed="0">
  <reporter-output>
  </reporter-output>
  <suite name="Default suite" duration-ms="70368" started-at="2019-06-17T11:14:00Z" finished-at="2019-06-17T11:15:10Z">
    <groups>
    </groups>
    <test name="Default test" duration-ms="70368" started-at="2019-06-17T11:14:00Z" finished-at="2019-06-17T11:15:10Z">
      <class name="com.whirlpool.windchillautomation.qa.testcases.LoginTest">
        <test-method status="PASS" signature="setup()[pri:0, instance:com.whirlpool.windchillautomation.qa.testcases.LoginTest@22eeefeb]" name="setup" is-config="true" duration-ms="42383" started-at="2019-06-17T11:14:00Z" finished-at="2019-06-17T11:14:42Z">
          <reporter-output>
          </reporter-output>
        </test-method> <!-- setup -->
        <test-method status="FAIL" signature="NewPart1()[pri:0, instance:com.whirlpool.windchillautomation.qa.testcases.LoginTest@22eeefeb]" name="NewPart1" duration-ms="27017" started-at="2019-06-17T11:14:42Z" finished-at="2019-06-17T11:15:09Z">
          <exception class="org.openqa.selenium.NoSuchElementException">
            <message>
              <![CDATA[Cannot locate element with text: row 2 or column PartType does not exist in xls
For documentation on this error, please visit: https://www.seleniumhq.org/exceptions/no_such_element.html
Build info: version: '3.141.59', revision: 'e82be7d358', time: '2018-11-14T08:17:03'
System info: host: 'PUGLCND5270BHC', ip: '10.236.40.69', os.name: 'Windows 7', os.arch: 'amd64', os.version: '6.1', java.version: '1.8.0_201'
Driver info: driver.version: unknown]]>
            </message>
            <full-stacktrace>
              <![CDATA[org.openqa.selenium.NoSuchElementException: Cannot locate element with text: row 2 or column PartType does not exist in xls
For documentation on this error, please visit: https://www.seleniumhq.org/exceptions/no_such_element.html
Build info: version: '3.141.59', revision: 'e82be7d358', time: '2018-11-14T08:17:03'
System info: host: 'PUGLCND5270BHC', ip: '10.236.40.69', os.name: 'Windows 7', os.arch: 'amd64', os.version: '6.1', java.version: '1.8.0_201'
Driver info: driver.version: unknown
at org.openqa.selenium.support.ui.Select.selectByVisibleText(Select.java:147)
at com.whirlpool.windchillautomation.qa.pages.WCNewWtPartPage.populateAllWTPartAttribute(WCNewWtPartPage.java:35)
at com.whirlpool.windchillautomation.qa.pages.WCNewWtPartPage.createNewPart(WCNewWtPartPage.java:107)
at com.whirlpool.windchillautomation.qa.testcases.LoginTest.NewPart1(LoginTest.java:42)
at sun.reflect.NativeMethodAccessorImpl.invoke0(Native Method)
at sun.reflect.NativeMethodAccessorImpl.invoke(Unknown Source)
at sun.reflect.DelegatingMethodAccessorImpl.invoke(Unknown Source)
at java.lang.reflect.Method.invoke(Unknown Source)
at org.testng.internal.MethodInvocationHelper.invokeMethod(MethodInvocationHelper.java:124)
at org.testng.internal.Invoker.invokeMethod(Invoker.java:583)
at org.testng.internal.Invoker.invokeTestMethod(Invoker.java:719)
at org.testng.internal.Invoker.invokeTestMethods(Invoker.java:989)
at org.testng.internal.TestMethodWorker.invokeTestMethods(TestMethodWorker.java:125)
at org.testng.internal.TestMethodWorker.run(TestMethodWorker.java:109)
at org.testng.TestRunner.privateRun(TestRunner.java:648)
at org.testng.TestRunner.run(TestRunner.java:505)
at org.testng.SuiteRunner.runTest(SuiteRunner.java:455)
at org.testng.SuiteRunner.runSequentially(SuiteRunner.java:450)
at org.testng.SuiteRunner.privateRun(SuiteRunner.java:415)
at org.testng.SuiteRunner.run(SuiteRunner.java:364)
at org.testng.SuiteRunnerWorker.runSuite(SuiteRunnerWorker.java:52)
at org.testng.SuiteRunnerWorker.run(SuiteRunnerWorker.java:84)
at org.testng.TestNG.runSuitesSequentially(TestNG.java:1208)
at org.testng.TestNG.runSuitesLocally(TestNG.java:1137)
at org.testng.TestNG.runSuites(TestNG.java:1049)
at org.testng.TestNG.run(TestNG.java:1017)
at org.testng.remote.AbstractRemoteTestNG.run(AbstractRemoteTestNG.java:115)
at org.testng.remote.RemoteTestNG.initAndRun(RemoteTestNG.java:251)
at org.testng.remote.RemoteTestNG.main(RemoteTestNG.java:77)
]]>
            </full-stacktrace>
          </exception> <!-- org.openqa.selenium.NoSuchElementException -->
          <reporter-output>
          </reporter-output>
        </test-method> <!-- NewPart1 -->
        <test-method status="PASS" signature="exit()[pri:0, instance:com.whirlpool.windchillautomation.qa.testcases.LoginTest@22eeefeb]" name="exit" is-config="true" duration-ms="885" started-at="2019-06-17T11:15:09Z" finished-at="2019-06-17T11:15:10Z">
          <reporter-output>
          </reporter-output>
        </test-method> <!-- exit -->
      </class> <!-- com.whirlpool.windchillautomation.qa.testcases.LoginTest -->
    </test> <!-- Default test -->
  </suite> <!-- Default suite -->
</testng-results>
